15 [47431288039424] INFO perfrun.launcher <> - Launcher main begin
22 [47431288039424] INFO perfrun.launcher <> - MessageCatalogInit finished
22 [47431288039424] INFO perfrun.launcher <> - Launcher instance created
22 [47431288039424] INFO perfrun.launcher <> - argc = 7; cmdline = /gpfs/home/bxjs_04/intel/oneapi/advisor/2021.1.1/bin64/advixe-runss --ui-output-format xml --ui-output-fd 6 --option-file /gpfs/home/bxjs_04/songzirong/Homework3/Homework3/dgemm/advi/e000/hs004/config/runss.options 
46 [47431288039424] INFO perfrun.launcher <> - plugin remoteplug has been added successfully
46 [47431288039424] INFO perfrun.launcher <> - plugin system has been added successfully
46 [47431288039424] INFO perfrun.launcher <> - plugin vdso has been added successfully
46 [47431288039424] INFO perfrun.launcher <> - plugin itt has been added successfully
46 [47431288039424] INFO perfrun.launcher <> - plugin  has been added successfully
46 [47431288039424] INFO perfrun.launcher <> - plugin gpu has been added successfully
46 [47431288039424] INFO perfrun.launcher <> - plugin  has been added successfully
46 [47431288039424] INFO perfrun.launcher <> - plugin  has been added successfully
46 [47431288039424] INFO perfrun.launcher <> - plugin  has been added successfully
46 [47431288039424] INFO perfrun.launcher <> - plugin mrte has been added successfully
46 [47431288039424] INFO perfrun.launcher <> - plugin  has been added successfully
47 [47431288039424] INFO perfrun.launcher <> - plugin  has been added successfully
47 [47431288039424] INFO perfrun.launcher <> - plugin  has been added successfully
48 [47431288039424] INFO perfrun.launcher <> - plugin  has been added successfully
48 [47431288039424] INFO perfrun.launcher <> - plugin  has been added successfully
48 [47431288039424] INFO perfrun.launcher <> - plugin  has been added successfully
48 [47431288039424] INFO perfrun.launcher <> - plugin  has been added successfully
48 [47431288039424] INFO perfrun.launcher <> - plugin tpss has been added successfully
48 [47431288039424] INFO perfrun.launcher <> - plugin  has been added successfully
49 [47431288039424] INFO perfrun.launcher <> - plugin  has been added successfully
49 [47431288039424] INFO perfrun.launcher <> - plugin  has been added successfully
49 [47431288039424] INFO perfrun.launcher <> - plugin  has been added successfully
49 [47431288039424] INFO perfrun.launcher <> - plugin  has been added successfully
49 [47431288039424] INFO perfrun.launcher <> - plugin  has been added successfully
49 [47431288039424] INFO perfrun.launcher <> - plugin  has been added successfully
49 [47431288039424] INFO perfrun.launcher <> - plugin  has been added successfully
49 [47431288039424] INFO perfrun.launcher <> - plugin  has been added successfully
49 [47431288039424] INFO perfrun.launcher <> - plugin  has been added successfully
49 [47431288039424] INFO perfrun.launcher <> - the option was added --interval: Specify an interval of data collection (for example, sampling) in milliseconds.
49 [47431288039424] INFO perfrun.launcher <> - the option was added --follow-child: Profile process with or without children.
49 [47431288039424] INFO perfrun.launcher <> - the option was added --gelding: BADMSG: perfrun1.launcher.plugin_manager::gelding
49 [47431288039424] INFO perfrun.launcher <> - the option was added --time-source: Specify time source for measurement. Possible values: sys - wall clock time; tsc - time stamp counter; ext - time from an external source; auto - auto select accurate time source.
49 [47431288039424] INFO perfrun.launcher <> - the option was added --stack: Enable or disable collection of stacks.
49 [47431288039424] INFO perfrun.launcher <> - the option was added --stack-stitching: Enable or disable the stack stitching algorithm for Intel TBB-based applications.
50 [47431288039424] INFO perfrun.launcher <> - the option was added --type: Specify type of data to be collected. For example, --type cpu:counters,waiting:nostack,io.
50 [47431288039424] INFO perfrun.launcher <> - the option was added --mrte-mode: Specify Java/.NET/other managed runtime collection mode. Possible values: native - collect information only for native code; managed - collect information only for managed code; mixed - collect information for both managed and native code; auto - choose the mode based on binary type.
51 [47431288039424] INFO perfrun.launcher <> - the option was added --mrte-mode-list: List supported Java/.NET/other managed runtime collection modes.
51 [47431288039424] INFO perfrun.launcher <> - the option was added --mrte-type: Specify which managed runtimes to collect. Possible values: java - collect information for Java; dotnet - collect information for .NET; python - collect information for CPython. You can specify several values separated by comma.
51 [47431288039424] INFO perfrun.launcher <> - the option was added --mrte-type-list: List supported Java/.NET/other managed runtime types.
51 [47431288039424] INFO perfrun.launcher <> - the option was added --trace-strategy: Specify how to profile a process tree. <string> can be "<process>:trace:notrace" - profile the process but do not profile its children. Shorthand parameters: t - trace, nt - notrace. For example, "vtunedemo.exe:t:t".
51 [47431288039424] INFO perfrun.launcher <> - the option was added --collector: BADMSG: perfrun1.launcher.plugin_manager::collector
51 [47431288039424] INFO perfrun.launcher <> - the option was added --system-wide: Enable system-wide profiling. This mode may require additional permissions.
51 [47431288039424] INFO perfrun.launcher <> - the option was added --kvm-guest: Enable KVM guest OS profiling.
52 [47431288039424] INFO perfrun.launcher <> - the option was added --kvm-guest-kallsyms: Specify a local path to the /proc/kallsyms file copied from the guest OS for proper symbol resolution.
52 [47431288039424] INFO perfrun.launcher <> - the option was added --kvm-guest-modules: Specify a local path to the /proc/modules file copied from the guest OS for proper symbol resolution.
52 [47431288039424] INFO perfrun.launcher <> - the option was added --bandwidth-limits: Measure bandwidth limits
52 [47431288039424] INFO perfrun.launcher <> - the option was added --bandwidth-strategy: Bandwidth limits determination specific properties (example: --bandwidth-strategy array-size=0,duration=500).
53 [47431288039424] INFO perfrun.launcher <> - the option was added --bandwidth-config: List of benchmarks to run.
53 [47431288039424] INFO perfrun.launcher <> - the option was added --dump-vdso: Dump [vdso] to result directory
53 [47431288039424] INFO perfrun.launcher <> - the option was added --system-collector-config: Specify subcollectors. Possible values: all, container, device-info, none. Specify subcollectors. Possible values: all, vdso.
53 [47431288039424] INFO perfrun.launcher <> - the option was added --itt-config: Specify a sub-set of ITT API to collect.
53 [47431288039424] INFO perfrun.launcher <> - the option was added --itt-debug: Set pseudo-breakpoint at ITT API collector's start to enable the debugger to attach early.
53 [47431288039424] INFO perfrun.launcher <> - the option was added --gpu-config: Specify types of GPU data to be collected. Possible values: preset1, preset2.
53 [47431288039424] INFO perfrun.launcher <> - the option was added --gpu-debug: Enable self-testing of the GPGPU profiling collector.
54 [47431288039424] INFO perfrun.launcher <> - the option was added --gpu-counting: Collect GPU data in the counting mode.
54 [47431288039424] INFO perfrun.launcher <> - the option was added --stackwalk: Specify stack unwinding method. Possible values: online - unwind stacks during collection; offline - unwind stacks after collection is finished.
54 [47431288039424] INFO perfrun.launcher <> - the option was added --filter-include: Filter data during collection. Possible values: contended=<on|off> - filter out uncontended events; contended_nostack=<time> - filter out stacks for contended events that take less than <time> microseconds; wait=<time> - ignore transitions and blocks with wait time less than <time> microseconds; wait_nostack=<time> - filter out stacks for waits that take less than <time> microseconds.
54 [47431288039424] INFO perfrun.launcher <> - the option was added --debug-pin: Debug PIN tool and runtime.
54 [47431288039424] INFO perfrun.launcher <> - the option was added --debug-exception: Disallow the application to set own abnormal termination handler.
54 [47431288039424] INFO perfrun.launcher <> - the option was added --trace-type: Specify the trace file granularity. Possible values: per-thread - per-thread trace file generation; per-process - per-process trace file generation.
54 [47431288039424] INFO perfrun.launcher <> - the option was added --instrumentation-type: Specify type of instrumentation.
55 [47431288039424] INFO perfrun.launcher <> - the option was added --altstack: Enable or disable usage of altstacks for profiling signal handlers.
55 [47431288039424] INFO perfrun.launcher <> - the option was added --profiling-signal: Alternate profiling signal.
55 [47431288039424] INFO perfrun.launcher <> - the option was added --memory-strategy: Specify a minimal memory object size to be traced and a hash table size for faster objects search; for example: --memory-strategy obj-size-min=1024,hash-table-size=4096.
55 [47431288039424] INFO perfrun.launcher <> - the option was added --gpu-profiling-type: Specify a type of deep GPU profiling: none, bblatency, memlatency, instcount.
55 [47431288039424] INFO perfrun.launcher <> - the option was added --opencl-trace-mode: Specify OpenCL kernel tracing modes: 'default' to trace OpenCL kernels for Intel Graphics Driver only; 'epoch' for any non-Intel graphics, where OpenCL kernels will be traced and OpenCL profiling API timestamps will be interpreted as Unux Epoch time in nanoseconds; 'completion' to trace OpenCL kernels for any Graphics Driver and bind OpenCL profiling API timestamps to the timestamp of OpenCL completion callback.
55 [47431288039424] INFO perfrun.launcher <> - the option was added --gpu-kernels-to-profile: Specify a comma-separated list of GPU kernel names and invocations to be profiled in the following format: kernel_name[#start_idx#step#stop_idx], where kernel_name is the name of GPU kernel; start_idx is the number of the first invocation; and stop_idx is the number of the last invocation to be profiled.
57 [47431288039424] INFO perfrun.launcher <> - create msngr2::ICliToolContext
58 [47431288039424] INFO perfrun.launcher <> - create file finder object
58 [47431288039424] INFO perfrun.launcher <> - create a result directory: pattern = /gpfs/home/bxjs_04/songzirong/Homework3/Homework3/dgemm/advi/e000/hs004 pid = 4294967295
65 [47431288039424] INFO perfrun.sdk <> - checked that the directory /gpfs/home/bxjs_04/songzirong/Homework3/Homework3/dgemm/advi/e000/hs004 is a local directory
65 [47431288039424] INFO perfrun.sdk <> - the directory /gpfs/home/bxjs_04/songzirong/Homework3/Homework3/dgemm/advi/e000/hs004 is located on a share or its FS ID is unknown 1196443219
65 [47431288039424] INFO perfrun.sdk <> - checked that the directory /tmp/advixe-tmp-bxjs_04 is a local directory
65 [47431288039424] INFO perfrun.sdk <> - the directory /tmp/advixe-tmp-bxjs_04 is a local directory with FS type ID 1481003842
66 [47431288039424] INFO perfrun.launcher <> - Create a local result directory /tmp/advixe-tmp-bxjs_04/advixe-res-126757-14349786914513134 due to the user result path /gpfs/home/bxjs_04/songzirong/Homework3/Homework3/dgemm/advi/e000/hs004 is located on a share
67 [47431288039424] INFO perfrun.launcher <> - create data directory = /tmp/advixe-tmp-bxjs_04/advixe-res-126757-14349786914513134/data.0
67 [47431288039424] INFO perfrun.launcher <> - create data directory = /gpfs/home/bxjs_04/songzirong/Homework3/Homework3/dgemm/advi/e000/hs004/data.0
68 [47431288039424] INFO perfrun.launcher <> - Creating the master collection flag
71 [47431288039424] INFO perfrun.launcher <> - Done creating the master collection flag
74 [47431406991104] INFO perfrun.launcher <> - plugin [remoteplug] was disabled because it doesn't support the given collection type.
76 [47431406991104] INFO perfrun.sdk <> - Allocating TMU :/tmp/advixe-tmp-bxjs_04/advixe-res-126757-14349786914513134/data.0/systemcollector-126757-ln01.sc
76 [47431406991104] INFO perfrun.launcher <> - plugin [] was disabled because it doesn't support the given collection type.
76 [47431406991104] INFO perfrun.launcher <> - plugin [gpu] was disabled because it doesn't support the given collection type.
76 [47431406991104] INFO perfrun.launcher <> - plugin [] was disabled because it doesn't support the given collection type.
77 [47431406991104] INFO perfrun.launcher <> - plugin [] was disabled because it doesn't support the given collection type.
77 [47431406991104] INFO perfrun.launcher <> - plugin [] was disabled because it doesn't support the given collection type.
77 [47431406991104] INFO perfrun.mrte <> - system-wide mode is 0
77 [47431406991104] INFO perfrun.mrte <> - Getting  mrte profiling environment ...
157 [47431406991104] INFO perfrun.mrte <> - INTEL_MRTE_DATA_DIR=/tmp/advixe-tmp-bxjs_04/advixe-res-126757-14349786914513134/data.0
157 [47431406991104] INFO perfrun.mrte <> - INTEL_MRTE_HOST_NAME=ln01
157 [47431406991104] INFO perfrun.mrte <> - Data directory: /tmp/advixe-tmp-bxjs_04/advixe-res-126757-14349786914513134/data.0
158 [47431406991104] INFO perfrun.mrte <> - Mrte plugin is initialized
158 [47431406991104] INFO perfrun.launcher <> - plugin [] was disabled because it doesn't support the given collection type.
158 [47431406991104] INFO perfrun.launcher <> - plugin [] was disabled because it doesn't support the given collection type.
158 [47431406991104] INFO perfrun.launcher <> - plugin [] was disabled because it doesn't support the given collection type.
158 [47431406991104] INFO perfrun.launcher <> - plugin [] was disabled because it doesn't support the given collection type.
158 [47431406991104] INFO perfrun.launcher <> - plugin [] was disabled because it doesn't support the given collection type.
159 [47431406991104] INFO perfrun.launcher <> - plugin [] was disabled because it doesn't support the given collection type.
159 [47431406991104] INFO perfrun.launcher <> - plugin [] was disabled because it doesn't support the given collection type.
159 [47431406991104] INFO perfrun.tpss <> - initialize tpss controller
159 [47431406991104] INFO perfrun.tpss <> - configure collection mode: value = cpu:stack
160 [47431406991104] INFO perfrun.tpss <> - default obj-size-min=1024
160 [47431406991104] INFO perfrun.tpss <> - default hash-table-size=0
208 [47431406991104] INFO perfrun.launcher <> - plugin [] was disabled because it doesn't support the given collection type.
208 [47431406991104] INFO perfrun.launcher <> - plugin [] was disabled because it doesn't support the given collection type.
208 [47431406991104] INFO perfrun.launcher <> - plugin [] was disabled because it doesn't support the given collection type.
208 [47431406991104] INFO perfrun.launcher <> - plugin [] was disabled because it doesn't support the given collection type.
208 [47431406991104] INFO perfrun.launcher <> - plugin [] was disabled because it doesn't support the given collection type.
209 [47431406991104] INFO perfrun.launcher <> - plugin [] was disabled because it doesn't support the given collection type.
209 [47431406991104] INFO perfrun.launcher <> - plugin [] was disabled because it doesn't support the given collection type.
209 [47431406991104] INFO perfrun.launcher <> - plugin [] was disabled because it doesn't support the given collection type.
209 [47431406991104] INFO perfrun.launcher <> - plugin [] was disabled because it doesn't support the given collection type.
209 [47431406991104] INFO perfrun.launcher <> - plugin [] was disabled because it doesn't support the given collection type.
209 [47431288039424] INFO perfrun.launcher <> - set environment variable: LD_LIBRARY_PATH = /gpfs/home/bxjs_04/intel/oneapi/advisor/2021.1.1/lib32/runtime:/gpfs/home/bxjs_04/intel/oneapi/advisor/2021.1.1/lib64/runtime:/gpfs/home/bxjs_04/intel/oneapi/vpl/2021.1.1/lib:/gpfs/home/bxjs_04/intel/oneapi/tbb/2021.1.1/env/../lib/intel64/gcc4.8:/gpfs/home/bxjs_04/intel/oneapi/mpi/2021.1.1//libfabric/lib:/gpfs/home/bxjs_04/intel/oneapi/mpi/2021.1.1//lib/release:/gpfs/home/bxjs_04/intel/oneapi/mpi/2021.1.1//lib:/gpfs/home/bxjs_04/intel/oneapi/mkl/latest/lib/intel64:/gpfs/home/bxjs_04/intel/oneapi/itac/2021.1.1/slib:/gpfs/home/bxjs_04/intel/oneapi/ipp/2021.1.1/lib/intel64:/gpfs/home/bxjs_04/intel/oneapi/ippcp/2021.1.1/lib/intel64:/gpfs/home/bxjs_04/intel/oneapi/ipp/2021.1.1/lib/intel64:/gpfs/home/bxjs_04/intel/oneapi/dnnl/2021.1.1/cpu_dpcpp_gpu_dpcpp/lib:/gpfs/home/bxjs_04/intel/oneapi/debugger/10.0.0/dep/lib:/gpfs/home/bxjs_04/intel/oneapi/debugger/10.0.0/libipt/intel64/lib:/gpfs/home/bxjs_04/intel/oneapi/debugger/10.0.0/gdb/intel64/lib:/gpfs/home/bxjs_04/intel/oneapi/dal/2021.1.1/lib/intel64:/gpfs/home/bxjs_04/intel/oneapi/compiler/2021.1.1/linux/lib:/gpfs/home/bxjs_04/intel/oneapi/compiler/2021.1.1/linux/lib/x64:/gpfs/home/bxjs_04/intel/oneapi/compiler/2021.1.1/linux/lib/emu:/gpfs/home/bxjs_04/intel/oneapi/compiler/2021.1.1/linux/compiler/lib/intel64_lin:/gpfs/home/bxjs_04/intel/oneapi/compiler/2021.1.1/linux/compiler/lib:/gpfs/home/bxjs_04/intel/oneapi/ccl/2021.1.1/lib/cpu_gpu_dpcpp
210 [47431288039424] INFO perfrun.launcher <> - set environment variable: INTEL_LIBITTNOTIFY32 = /gpfs/home/bxjs_04/intel/oneapi/advisor/2021.1.1/lib32/runtime/libittnotify_collector.so
210 [47431288039424] INFO perfrun.launcher <> - set environment variable: INTEL_LIBITTNOTIFY64 = /gpfs/home/bxjs_04/intel/oneapi/advisor/2021.1.1/lib64/runtime/libittnotify_collector.so
210 [47431288039424] INFO perfrun.launcher <> - set environment variable: INTEL_ITTNOTIFY_GROUPS = 
210 [47431288039424] INFO perfrun.launcher <> - set environment variable: INTEL_JIT_PROFILER32 = /gpfs/home/bxjs_04/intel/oneapi/advisor/2021.1.1/lib32/runtime/libittnotify_collector.so
210 [47431288039424] INFO perfrun.launcher <> - set environment variable: INTEL_JIT_PROFILER64 = /gpfs/home/bxjs_04/intel/oneapi/advisor/2021.1.1/lib64/runtime/libittnotify_collector.so
210 [47431288039424] INFO perfrun.launcher <> - set environment variable: VS_PROFILER = libittnotify_collector.so
211 [47431288039424] INFO perfrun.launcher <> - set environment variable: ENABLE_JITPROFILING = 1
211 [47431288039424] INFO perfrun.launcher <> - set environment variable: CL_CONFIG_USE_VTUNE = True
211 [47431288039424] INFO perfrun.launcher <> - set environment variable: __OCL_MIC_INTEL_LIBITTNOTIFY64 = /amplxe/results/libittnotify_collector.so
211 [47431288039424] INFO perfrun.launcher <> - set environment variable: __OCL_MIC_INTEL_JIT_PROFILER64 = /amplxe/results/libittnotify_collector.so
211 [47431288039424] INFO perfrun.launcher <> - set environment variable: KMP_FORKJOIN_FRAMES = 0
211 [47431288039424] INFO perfrun.launcher <> - set environment variable: KMP_FORKJOIN_FRAMES_MODE = 0
211 [47431288039424] INFO perfrun.launcher <> - set environment variable: OMP_TOOL = disabled
212 [47431288039424] INFO perfrun.launcher <> - set environment variable: INTEL_MRTE_DATA_DIR = /tmp/advixe-tmp-bxjs_04/advixe-res-126757-14349786914513134/data.0
212 [47431288039424] INFO perfrun.launcher <> - set environment variable: INTEL_MRTE_HOST_NAME = ln01
212 [47431288039424] INFO perfrun.launcher <> - RpcServer: run RPC server to handle requests
213 [47431288039424] INFO perfrun.launcher <> - Launcher: command line to start before modification = ./benchmark-blocked
216 [47431288039424] INFO perfrun.launcher <> - Launcher: command line to start after modification = /gpfs/home/bxjs_04/intel/oneapi/advisor/2021.1.1/bin64/pin -error_file /tmp/advixe-tmp-bxjs_04/advixe-res-126757-14349786914513134/data.0/pinerr.tpsslog -detach_reattach -follow_execv -tool_load_option deepbind -t64 /gpfs/home/bxjs_04/intel/oneapi/advisor/2021.1.1/lib64/libtpsstool.so -t /gpfs/home/bxjs_04/intel/oneapi/advisor/2021.1.1/lib32/libtpsstool.so -server_name tpss_ipc.126757 -prd_dir /gpfs/home/bxjs_04/intel/oneapi/advisor/2021.1.1 -- ./benchmark-blocked
216 [47431288039424] INFO perfrun.launcher <> - ProcessCreator object was created
217 [47431288039424] INFO perfrun.launcher <> - Launcher: the process was started in suspend mode
219 [47431406991104] WARN perfrun.system <> - Could not do anything with /sys/kernel/debug/kvm: boost::filesystem::status: Permission denied: "/sys/kernel/debug/kvm", at file: vcs/perfrun1/plugins/system/src/trace_writer.cpp:796
220 [47431406991104] WARN perfrun.system <> - Folder "/var/run/libvirt/qemu/"doesn't exist, at file: vcs/perfrun1/plugins/system/src/trace_writer.cpp:809
223 [47431406991104] WARN perfrun.system <> - SEP tool is not available, at file: vcs/perfrun1/plugins/system/src/device_mapper.cpp:431
225 [47431406991104] WARN perfrun.system <> - SEP tool is not available, at file: vcs/perfrun1/plugins/system/src/device_mapper.cpp:431
226 [47431406991104] WARN perfrun.sdk <> - Failed to find xl binary on any of the system paths: /bin, /sbin, /usr/bin, /usr/sbin., at file: vcs/perfrun1/sdk/src/utils.cpp:197
236 [47431406991104] INFO perfrun.vdso <> - Helper runtool '/gpfs/home/bxjs_04/intel/oneapi/advisor/2021.1.1/bin32/advixe-runss -dump-vdso -r /tmp/advixe-tmp-bxjs_04/advixe-res-126757-14349786914513134 --tmp-dir /tmp/advixe-tmp-bxjs_04' returned 1
332 [47431406991104] INFO perfrun.vdso <> - Helper runtool '/gpfs/home/bxjs_04/intel/oneapi/advisor/2021.1.1/bin64/advixe-runss -dump-vdso -r /tmp/advixe-tmp-bxjs_04/advixe-res-126757-14349786914513134 --tmp-dir /tmp/advixe-tmp-bxjs_04' returned 0
332 [47431406991104] INFO perfrun.itt <> - start itt controller for pid #126780
332 [47431406991104] INFO perfrun.tpss <> - start tpss controller for pid #126780
383 [47431288039424] INFO perfrun.launcher <> - Launcher: all plugins were started
383 [47431288039424] INFO perfrun.launcher <> - DirectoryMonitor object was created
384 [47431288039424] INFO perfrun.launcher <> - DirectoryMonitor: a callback was added
384 [47431288039424] INFO perfrun.launcher <> - DirectoryMonitor was started with pingTime = 1000
384 [47431288039424] INFO perfrun.launcher <> - DeadlineTimer is going to be constructed
384 [47431288039424] INFO perfrun.launcher <> - DeadlineTimer: a callback was added
398 [47431288039424] INFO perfrun.launcher <> - Launcher: resume the profiled application and  wait its termination or stop command
46381 [47431288039424] INFO perfrun.launcher <> - Launcher: the profiled application was terminated  with exit code = 0
46386 [47431406991104] INFO perfrun.itt <> - stop itt controller
46387 [47431406991104] INFO perfrun.itt <> - detach itt controller
46387 [47431406991104] INFO perfrun.tpss <> - stop tpss controller
46388 [47431406991104] INFO perfrun.sdk <> - De-allocating TMU: /tmp/advixe-tmp-bxjs_04/advixe-res-126757-14349786914513134/data.0/systemcollector-126757-ln01.sc
46388 [47431406991104] INFO perfrun.system <> - closed the system trace file: /tmp/advixe-tmp-bxjs_04/advixe-res-126757-14349786914513134/data.0/systemcollector-126757-ln01.sc
46389 [47431288039424] INFO perfrun.launcher <> - Launcher: all plugins were stopped.
46389 [47431288039424] INFO perfrun.launcher <> - DeadlineTimer is going to be destroyed
46389 [47431288039424] INFO perfrun.launcher <> - DeadlineTimer was destroyed
46389 [47431288039424] INFO perfrun.launcher <> - DirectoryMonitor object was destroyed
46389 [47431288039424] WARN perfrun.launcher <> - Stop command is ignored because it is received when collection is already stopped, at file: vcs/perfrun1/launcher/src/command_handler.cpp:212
46404 [47431288039424] INFO perfrun.launcher <> - Application exit code: 0
46404 [47431288039424] INFO perfrun.launcher <> - Exit code: 0
